2016-05-27 16:35:13 404 notify by mail404 monitor timeout
2016-05-27 16:35:13 huihui monitor ok
2016-05-27 16:35:13 google monitor ok
2016-05-27 16:35:13 youdao notify by mailyoudao monitor timeout
2016-05-27 16:35:14 yahoo monitor ok
2016-05-27 16:35:16 youdao monitor ok
2016-05-27 16:35:23 404 notify by mail404 monitor timeout
2016-05-27 16:35:25 yahoo monitor ok
2016-05-27 16:35:33 404 notify by mail404 monitor timeout
2016-05-27 16:35:36 youdao monitor ok
2016-05-27 16:35:36 yahoo monitor ok
2016-05-27 16:35:43 404 notify by mail404 monitor timeout
2016-05-27 16:35:47 yahoo monitor ok
2016-05-27 16:35:53 404 notify by mail404 monitor timeout
2016-05-27 16:35:56 youdao monitor ok
2016-05-27 16:35:58 yahoo monitor ok
2016-05-27 16:36:03 404 notify by mail404 monitor timeout
2016-05-27 16:36:10 yahoo monitor ok
2016-05-27 16:36:13 404 notify by sms404 monitor timeout
2016-05-27 16:36:13 404 notify by mail404 monitor timeout
2016-05-27 16:36:13 huihui monitor ok
2016-05-27 16:36:13 google monitor ok
2016-05-27 16:36:16 youdao monitor ok
2016-05-27 16:36:21 yahoo monitor ok
2016-05-27 16:36:23 404 notify by mail404 monitor timeout
2016-05-27 16:36:32 yahoo monitor ok
2016-05-27 16:36:33 404 notify by mail404 monitor timeout
2016-05-27 16:36:36 youdao monitor ok
2016-05-27 16:36:43 404 notify by mail404 monitor timeout
2016-05-27 16:36:43 yahoo monitor ok
2016-05-27 16:36:53 404 notify by mail404 monitor timeout
2016-05-27 16:36:54 yahoo monitor ok
2016-05-27 16:36:56 youdao monitor ok
2016-05-27 16:37:03 404 notify by mail404 monitor timeout
2016-05-27 16:37:05 yahoo monitor ok
2016-05-27 16:37:13 404 notify by sms404 monitor timeout
2016-05-27 16:37:13 404 notify by mail404 monitor timeout
2016-05-27 16:37:13 huihui monitor ok
2016-05-27 16:37:14 google monitor ok
2016-05-27 16:37:16 youdao monitor ok
2016-05-27 16:37:16 yahoo monitor ok
2016-05-27 16:37:23 404 notify by mail404 monitor timeout
2016-05-27 16:37:27 yahoo monitor ok
2016-05-27 16:37:33 404 notify by mail404 monitor timeout
2016-05-27 16:37:36 youdao monitor ok
2016-05-27 16:37:38 yahoo monitor ok
2016-05-27 16:37:43 404 notify by mail404 monitor timeout
2016-05-27 16:37:49 yahoo monitor ok
2016-05-27 16:37:53 404 notify by mail404 monitor timeout
2016-05-27 16:37:56 youdao monitor ok
2016-05-27 16:38:00 yahoo monitor ok
2016-05-27 16:38:03 404 notify by mail404 monitor timeout
2016-05-27 16:38:11 yahoo monitor ok
2016-05-27 16:38:13 404 notify by sms404 monitor timeout
2016-05-27 16:38:13 404 notify by mail404 monitor timeout
2016-05-27 16:38:13 huihui monitor ok
2016-05-27 16:38:14 google monitor ok
2016-05-27 16:38:17 youdao notify by mailyoudao monitor timeout
2016-05-27 16:38:20 youdao notify by mailyoudao monitor timeout
2016-05-27 16:38:22 yahoo notify by mailyahoo monitor timeout
2016-05-27 16:38:23 404 notify by mail404 monitor timeout
2016-05-27 16:38:23 youdao notify by mailyoudao monitor timeout
2016-05-27 16:38:25 youdao monitor ok
2016-05-27 16:38:28 yahoo monitor ok
2016-05-27 16:38:33 404 notify by mail404 monitor timeout
2016-05-27 16:38:39 yahoo monitor ok
2016-05-27 16:38:43 404 notify by mail404 monitor timeout
2016-05-27 16:38:45 youdao monitor ok
2016-05-27 16:38:50 yahoo monitor ok
2016-05-27 16:38:53 404 notify by mail404 monitor timeout
2016-05-27 16:39:01 yahoo monitor ok
2016-05-27 16:39:03 404 notify by mail404 monitor timeout
2016-05-27 16:39:05 youdao monitor ok
2016-05-27 16:39:12 yahoo monitor ok
2016-05-27 16:39:13 404 notify by sms404 monitor timeout
2016-05-27 16:39:13 404 notify by mail404 monitor timeout
2016-05-27 16:39:13 huihui monitor ok
2016-05-27 16:39:15 google monitor ok
2016-05-27 16:39:23 404 notify by mail404 monitor timeout
2016-05-27 16:39:23 yahoo monitor ok
2016-05-27 16:39:25 youdao monitor ok
2016-05-27 16:39:33 404 notify by mail404 monitor timeout
2016-05-27 16:39:34 yahoo monitor ok
2016-05-27 16:39:43 404 notify by mail404 monitor timeout
2016-05-27 16:39:45 youdao monitor ok
2016-05-27 16:39:45 yahoo monitor ok
2016-05-27 16:39:53 404 notify by mail404 monitor timeout
2016-05-27 16:39:56 yahoo monitor ok
2016-05-27 16:40:03 404 notify by mail404 monitor timeout
2016-05-27 16:40:05 youdao monitor ok
2016-05-27 16:40:07 yahoo monitor ok
2016-05-27 16:40:13 404 notify by sms404 monitor timeout
2016-05-27 16:40:13 404 notify by mail404 monitor timeout
2016-05-27 16:40:13 huihui monitor ok
2016-05-27 16:40:15 google monitor ok
2016-05-27 16:40:18 yahoo monitor ok
2016-05-27 16:40:23 404 notify by mail404 monitor timeout
2016-05-27 16:40:25 youdao monitor ok
2016-05-27 16:40:29 yahoo monitor ok
2016-05-27 16:40:33 404 notify by mail404 monitor timeout
2016-05-27 16:40:40 yahoo monitor ok
2016-05-27 16:40:43 404 notify by mail404 monitor timeout
2016-05-27 16:40:45 youdao monitor ok
2016-05-27 16:40:51 yahoo monitor ok
2016-05-27 16:40:53 404 notify by mail404 monitor timeout
2016-05-27 16:41:02 yahoo monitor ok
2016-05-27 16:41:03 404 notify by mail404 monitor timeout
2016-05-27 16:41:05 youdao monitor ok
2016-05-27 16:41:13 404 notify by sms404 monitor timeout
2016-05-27 16:41:13 404 notify by mail404 monitor timeout
2016-05-27 16:41:13 huihui monitor ok
2016-05-27 16:41:13 yahoo monitor ok
2016-05-27 16:41:15 google monitor ok
2016-05-27 16:41:23 404 notify by mail404 monitor timeout
2016-05-27 16:41:24 yahoo monitor ok
2016-05-27 16:41:25 youdao monitor ok
2016-05-27 16:41:33 404 notify by mail404 monitor timeout
2016-05-27 16:41:36 yahoo monitor ok
2016-05-27 16:41:43 404 notify by mail404 monitor timeout
2016-05-27 16:41:45 youdao monitor ok
2016-05-27 16:41:47 yahoo monitor ok
2016-05-27 16:41:53 404 notify by mail404 monitor timeout
2016-05-27 16:41:58 yahoo monitor ok
2016-05-27 16:42:03 404 notify by mail404 monitor timeout
2016-05-27 16:42:05 youdao monitor ok
2016-05-27 16:42:09 yahoo monitor ok
2016-05-27 16:42:13 404 notify by sms404 monitor timeout
2016-05-27 16:42:13 404 notify by mail404 monitor timeout
2016-05-27 16:42:13 huihui monitor ok
2016-05-27 16:42:16 google monitor ok
2016-05-27 16:42:20 yahoo monitor ok
2016-05-27 16:42:23 404 notify by mail404 monitor timeout
2016-05-27 16:42:25 youdao monitor ok
2016-06-01 11:36:04 youdao monitor ok
2016-06-01 11:36:04 huihui monitor ok
2016-06-01 11:36:05 youdao monitor ok
2016-06-01 11:36:05 404 notify by mail404 monitor timeout
2016-06-01 11:36:05 404 notify by mail404 monitor timeout
2016-06-01 11:36:05 huihui monitor ok
2016-06-01 11:36:05 google monitor ok
2016-06-01 11:36:06 google monitor ok
2016-06-01 11:36:07 yahoo monitor ok
2016-06-01 11:36:07 yahoo monitor ok
2016-06-01 16:06:53 youdao monitor ok
2016-06-01 16:06:53 404 notify by mail404 monitor timeout
2016-06-01 16:06:53 404 notify by mail404 monitor timeout
2016-06-01 16:06:53 youdao monitor ok
2016-06-01 16:06:53 huihui monitor ok
2016-06-01 16:06:53 huihui monitor ok
2016-06-01 16:06:53 google monitor ok
2016-06-01 16:06:53 google monitor ok
2016-06-01 16:06:54 yahoo monitor ok
2016-06-01 16:06:55 yahoo monitor ok
2016-06-01 16:07:03 404 notify by mail404 monitor timeout
2016-06-01 16:07:03 404 notify by mail404 monitor timeout
2016-06-01 16:07:05 yahoo monitor ok
2016-06-01 16:07:05 yahoo monitor ok
2016-06-01 16:07:13 youdao monitor ok
2016-06-01 16:07:13 youdao monitor ok
2016-06-01 16:07:13 404 notify by mail404 monitor timeout
2016-06-01 16:07:13 404 notify by mail404 monitor timeout
2016-06-01 16:07:26 404 notify by mail404 monitor timeout
2016-06-01 16:07:26 youdao monitor ok
2016-06-01 16:07:26 huihui monitor ok
2016-06-01 16:07:26 google monitor ok
2016-06-01 16:07:26 404 notify by mail404 monitor timeout
2016-06-01 16:07:26 youdao monitor ok
2016-06-01 16:07:26 huihui monitor ok
2016-06-01 16:07:27 google monitor ok
2016-06-01 16:07:28 yahoo monitor ok
2016-06-01 16:07:28 yahoo monitor ok
2016-06-01 16:07:36 404 notify by mail404 monitor timeout
2016-06-01 16:07:36 404 notify by mail404 monitor timeout
2016-06-01 16:07:39 yahoo monitor ok
2016-06-01 16:07:39 yahoo monitor ok
2016-06-01 16:07:46 404 notify by mail404 monitor timeout
2016-06-01 16:07:46 youdao monitor ok
2016-06-01 16:07:46 404 notify by mail404 monitor timeout
2016-06-01 16:07:47 youdao notify by mailyoudao monitor timeout
2016-06-01 16:07:49 youdao monitor ok
2016-06-01 16:07:50 yahoo monitor ok
2016-06-01 16:07:50 yahoo monitor ok
2016-06-01 16:07:56 404 notify by mail404 monitor timeout
2016-06-01 16:07:56 404 notify by mail404 monitor timeout
2016-06-01 16:08:01 yahoo monitor ok
2016-06-01 16:08:01 yahoo monitor ok
2016-06-01 16:08:06 404 notify by mail404 monitor timeout
2016-06-01 16:08:06 youdao monitor ok
2016-06-01 16:08:06 404 notify by mail404 monitor timeout
2016-06-01 16:08:09 youdao monitor ok
2016-06-01 16:08:12 yahoo monitor ok
2016-06-01 16:08:12 yahoo monitor ok
2016-06-01 16:08:16 404 notify by mail404 monitor timeout
2016-06-01 16:08:16 404 notify by mail404 monitor timeout
2016-06-01 16:08:23 yahoo monitor ok
2016-06-01 16:08:23 yahoo monitor ok
2016-06-01 16:08:26 404 notify by sms404 monitor timeout
2016-06-01 16:08:26 404 notify by mail404 monitor timeout
2016-06-01 16:08:26 huihui monitor ok
2016-06-01 16:08:26 youdao monitor ok
2016-06-01 16:08:26 404 notify by sms404 monitor timeout
2016-06-01 16:08:26 404 notify by mail404 monitor timeout
2016-06-01 16:08:26 huihui monitor ok
2016-06-01 16:08:26 google monitor ok
2016-06-01 16:08:27 google monitor ok
2016-06-01 16:08:29 youdao monitor ok
2016-06-01 16:08:34 yahoo monitor ok
2016-06-01 16:08:34 yahoo monitor ok
2016-06-01 16:08:36 404 notify by mail404 monitor timeout
2016-06-01 16:08:36 404 notify by mail404 monitor timeout
2016-06-01 16:08:45 yahoo monitor ok
2016-06-01 16:08:45 yahoo monitor ok
2016-06-01 16:08:46 404 notify by mail404 monitor timeout
2016-06-01 16:08:46 youdao monitor ok
2016-06-01 16:08:46 404 notify by mail404 monitor timeout
2016-06-01 16:08:49 youdao monitor ok
2016-06-01 16:08:56 404 notify by mail404 monitor timeout
2016-06-01 16:08:56 yahoo monitor ok
2016-06-01 16:08:56 yahoo monitor ok
2016-06-01 16:08:56 404 notify by mail404 monitor timeout
2016-06-01 16:09:06 404 notify by mail404 monitor timeout
2016-06-01 16:09:06 youdao monitor ok
2016-06-01 16:09:06 404 notify by mail404 monitor timeout
2016-06-01 16:09:07 yahoo monitor ok
2016-06-01 16:09:07 yahoo monitor ok
2016-06-01 16:09:09 youdao monitor ok
2016-06-01 16:09:16 404 notify by mail404 monitor timeout
2016-06-01 16:09:16 404 notify by mail404 monitor timeout
2016-06-01 16:09:18 yahoo monitor ok
2016-06-01 16:09:18 yahoo monitor ok
2016-06-01 16:09:26 404 notify by sms404 monitor timeout
2016-06-01 16:09:26 404 notify by mail404 monitor timeout
2016-06-01 16:09:26 huihui monitor ok
2016-06-01 16:09:26 youdao monitor ok
2016-06-01 16:09:26 404 notify by sms404 monitor timeout
2016-06-01 16:09:26 404 notify by mail404 monitor timeout
2016-06-01 16:09:26 huihui monitor ok
2016-06-01 16:09:27 google monitor ok
2016-06-01 16:09:27 google monitor ok
2016-06-01 16:09:29 yahoo monitor ok
2016-06-01 16:09:29 youdao monitor ok
2016-06-01 16:09:29 yahoo monitor ok
2016-06-01 16:09:36 404 notify by mail404 monitor timeout
2016-06-01 16:09:36 404 notify by mail404 monitor timeout
2016-06-01 16:09:40 yahoo monitor ok
2016-06-01 16:09:41 yahoo monitor ok
2016-06-01 16:09:46 404 notify by mail404 monitor timeout
2016-06-01 16:09:46 youdao monitor ok
2016-06-01 16:09:46 404 notify by mail404 monitor timeout
2016-06-01 16:09:49 youdao monitor ok
2016-06-01 16:09:51 yahoo monitor ok
2016-06-01 16:09:52 yahoo notify by mailyahoo monitor timeout
2016-06-01 16:09:56 404 notify by mail404 monitor timeout
2016-06-01 16:09:56 404 notify by mail404 monitor timeout
2016-06-01 16:09:57 yahoo monitor ok
2016-06-01 16:10:02 yahoo monitor ok
2016-06-01 16:10:06 404 notify by mail404 monitor timeout
2016-06-01 16:10:06 youdao monitor ok
2016-06-01 16:10:06 404 notify by mail404 monitor timeout
2016-06-01 16:10:08 yahoo monitor ok
2016-06-01 16:10:09 youdao monitor ok
2016-06-01 16:10:13 yahoo monitor ok
2016-06-01 16:10:16 404 notify by mail404 monitor timeout
2016-06-01 16:10:16 404 notify by mail404 monitor timeout
2016-06-01 16:10:20 yahoo monitor ok
2016-06-01 16:10:24 yahoo monitor ok
2016-06-01 16:10:26 huihui monitor ok
2016-06-01 16:10:26 404 notify by sms404 monitor timeout
2016-06-01 16:10:26 404 notify by mail404 monitor timeout
2016-06-01 16:10:26 youdao monitor ok
2016-06-01 16:10:26 404 notify by sms404 monitor timeout
2016-06-01 16:10:26 404 notify by mail404 monitor timeout
2016-06-01 16:10:26 huihui monitor ok
2016-06-01 16:10:27 google monitor ok
2016-06-01 16:10:28 google monitor ok
2016-06-01 16:10:29 youdao monitor ok
2016-06-01 16:10:31 yahoo monitor ok
2016-06-01 16:10:35 yahoo monitor ok
2016-06-01 16:10:36 404 notify by mail404 monitor timeout
2016-06-01 16:10:36 404 notify by mail404 monitor timeout
2016-06-01 16:10:42 yahoo monitor ok
2016-06-01 16:10:46 404 notify by mail404 monitor timeout
2016-06-01 16:10:46 youdao monitor ok
2016-06-01 16:10:46 404 notify by mail404 monitor timeout
2016-06-01 16:10:47 yahoo monitor ok
2016-06-01 16:10:49 youdao monitor ok
2016-06-01 16:10:53 yahoo notify by mailyahoo monitor timeout
2016-06-01 16:10:56 404 notify by mail404 monitor timeout
2016-06-01 16:10:56 404 notify by mail404 monitor timeout
2016-06-01 16:10:58 yahoo notify by mailyahoo monitor timeout
2016-06-01 16:10:59 yahoo notify by mailyahoo monitor timeout
2016-06-01 16:11:04 yahoo monitor ok
2016-06-01 16:11:05 yahoo monitor ok
2016-06-01 16:11:06 404 notify by mail404 monitor timeout
2016-06-01 16:11:06 youdao monitor ok
2016-06-01 16:11:06 404 notify by mail404 monitor timeout
2016-06-01 16:11:09 youdao monitor ok
2016-06-01 16:11:15 yahoo monitor ok
2016-06-01 16:11:16 404 notify by mail404 monitor timeout
2016-06-01 16:11:16 yahoo monitor ok
2016-06-01 16:11:16 404 notify by mail404 monitor timeout
2016-06-01 16:11:26 404 notify by sms404 monitor timeout
2016-06-01 16:11:26 404 notify by mail404 monitor timeout
2016-06-01 16:11:26 huihui monitor ok
2016-06-01 16:11:26 youdao monitor ok
2016-06-01 16:11:26 yahoo monitor ok
2016-06-01 16:11:26 404 notify by sms404 monitor timeout
2016-06-01 16:11:26 404 notify by mail404 monitor timeout
2016-06-01 16:11:26 huihui monitor ok
2016-06-01 16:11:27 yahoo monitor ok
2016-06-01 16:11:27 google monitor ok
2016-06-01 16:11:28 google monitor ok
2016-06-01 16:11:29 youdao monitor ok
2016-06-01 16:11:36 404 notify by mail404 monitor timeout
2016-06-01 16:11:36 404 notify by mail404 monitor timeout
2016-06-01 16:11:37 yahoo monitor ok
2016-06-01 16:11:38 yahoo monitor ok
2016-06-01 16:11:46 404 notify by mail404 monitor timeout
2016-06-01 16:11:46 youdao monitor ok
2016-06-01 16:11:46 404 notify by mail404 monitor timeout
2016-06-01 16:11:48 yahoo monitor ok
2016-06-01 16:11:49 yahoo monitor ok
2016-06-01 16:11:49 youdao monitor ok
2016-06-01 16:11:56 404 notify by mail404 monitor timeout
2016-06-01 16:11:56 404 notify by mail404 monitor timeout
2016-06-01 16:12:00 yahoo monitor ok
2016-06-01 16:12:00 yahoo monitor ok
2016-06-01 16:12:06 404 notify by mail404 monitor timeout
2016-06-01 16:12:06 youdao monitor ok
2016-06-01 16:12:06 404 notify by mail404 monitor timeout
2016-06-01 16:12:09 youdao monitor ok
2016-06-01 16:12:11 yahoo monitor ok
2016-06-01 16:12:12 yahoo monitor ok
2016-06-01 16:12:16 404 notify by mail404 monitor timeout
2016-06-01 16:12:16 404 notify by mail404 monitor timeout
2016-06-01 16:12:22 yahoo monitor ok
2016-06-01 16:12:23 yahoo monitor ok
2016-06-01 16:12:26 404 notify by sms404 monitor timeout
2016-06-01 16:12:26 404 notify by mail404 monitor timeout
2016-06-01 16:12:26 youdao monitor ok
2016-06-01 16:12:26 huihui monitor ok
2016-06-01 16:12:26 404 notify by sms404 monitor timeout
2016-06-01 16:12:26 404 notify by mail404 monitor timeout
2016-06-01 16:12:26 huihui monitor ok
2016-06-01 16:12:28 google monitor ok
2016-06-01 16:12:29 google monitor ok
2016-06-01 16:12:30 youdao monitor ok
2016-06-01 16:12:33 yahoo monitor ok
2016-06-01 16:12:34 yahoo monitor ok
2016-06-01 16:12:36 404 notify by mail404 monitor timeout
2016-06-01 16:12:36 404 notify by mail404 monitor timeout
2016-06-01 16:12:44 yahoo monitor ok
2016-06-01 16:12:45 yahoo monitor ok
2016-06-01 16:12:46 404 notify by mail404 monitor timeout
2016-06-01 16:12:46 youdao monitor ok
2016-06-01 16:12:46 404 notify by mail404 monitor timeout
2016-06-01 16:12:50 youdao monitor ok
2016-06-01 16:12:55 yahoo monitor ok
2016-06-01 16:12:56 404 notify by mail404 monitor timeout
2016-06-01 16:12:56 yahoo monitor ok
2016-06-01 16:12:56 404 notify by mail404 monitor timeout
2016-06-01 16:13:06 404 notify by mail404 monitor timeout
2016-06-01 16:13:06 youdao monitor ok
2016-06-01 16:13:06 yahoo monitor ok
2016-06-01 16:13:06 404 notify by mail404 monitor timeout
2016-06-01 16:13:07 yahoo monitor ok
2016-06-01 16:13:10 youdao monitor ok
2016-06-01 16:13:16 404 notify by mail404 monitor timeout
2016-06-01 16:13:16 404 notify by mail404 monitor timeout
2016-06-01 16:13:17 yahoo monitor ok
2016-06-01 16:13:18 yahoo monitor ok
2016-06-01 16:13:26 404 notify by sms404 monitor timeout
2016-06-01 16:13:26 404 notify by mail404 monitor timeout
2016-06-01 16:13:26 youdao monitor ok
2016-06-01 16:13:26 huihui monitor ok
2016-06-01 16:13:26 404 notify by sms404 monitor timeout
2016-06-01 16:13:26 404 notify by mail404 monitor timeout
2016-06-01 16:13:26 huihui monitor ok
2016-06-01 16:13:28 google monitor ok
2016-06-01 16:13:28 yahoo monitor ok
2016-06-01 16:13:29 google monitor ok
2016-06-01 16:13:29 yahoo monitor ok
2016-06-01 16:13:30 youdao monitor ok
2016-06-01 16:13:36 404 notify by mail404 monitor timeout
2016-06-01 16:13:36 404 notify by mail404 monitor timeout
2016-06-01 16:13:39 yahoo monitor ok
2016-06-01 16:13:41 yahoo monitor ok
2016-06-01 16:13:46 404 notify by mail404 monitor timeout
2016-06-01 16:13:46 youdao monitor ok
2016-06-01 16:13:47 404 notify by mail404 monitor timeout
2016-06-01 16:13:50 youdao monitor ok
2016-06-01 16:13:51 yahoo monitor ok
2016-06-01 16:13:52 yahoo monitor ok
2016-06-01 16:13:56 404 notify by mail404 monitor timeout
2016-06-01 16:13:57 404 notify by mail404 monitor timeout
2016-06-01 16:14:02 yahoo monitor ok
2016-06-01 16:14:03 yahoo monitor ok
2016-06-01 16:14:06 404 notify by mail404 monitor timeout
2016-06-01 16:14:06 youdao monitor ok
2016-06-01 16:14:07 404 notify by mail404 monitor timeout
2016-06-01 16:14:10 youdao monitor ok
2016-06-01 16:14:13 yahoo monitor ok
2016-06-01 16:14:14 yahoo monitor ok
2016-06-01 16:14:16 404 notify by mail404 monitor timeout
2016-06-01 16:14:17 404 notify by mail404 monitor timeout
2016-06-01 16:14:24 yahoo monitor ok
2016-06-01 16:14:25 yahoo monitor ok
2016-06-01 16:14:26 404 notify by sms404 monitor timeout
2016-06-01 16:14:26 404 notify by mail404 monitor timeout
2016-06-01 16:14:26 huihui monitor ok
2016-06-01 16:14:26 youdao monitor ok
2016-06-01 16:14:27 404 notify by sms404 monitor timeout
2016-06-01 16:14:27 404 notify by mail404 monitor timeout
2016-06-01 16:14:27 huihui monitor ok
2016-06-01 16:14:29 google monitor ok
2016-06-01 16:14:30 google monitor ok
2016-06-01 16:14:30 youdao monitor ok
2016-06-01 16:14:35 yahoo monitor ok
2016-06-01 16:14:36 404 notify by mail404 monitor timeout
2016-06-01 16:14:36 yahoo monitor ok
2016-06-01 16:14:37 404 notify by mail404 monitor timeout
2016-06-01 16:14:46 404 notify by mail404 monitor timeout
2016-06-01 16:14:46 yahoo monitor ok
2016-06-01 16:14:46 youdao monitor ok
2016-06-01 16:14:47 404 notify by mail404 monitor timeout
2016-06-01 16:14:47 yahoo monitor ok
2016-06-01 16:14:50 youdao monitor ok
2016-06-01 16:14:56 404 notify by mail404 monitor timeout
2016-06-01 16:14:57 404 notify by mail404 monitor timeout
2016-06-01 16:14:57 yahoo monitor ok
2016-06-01 16:14:58 yahoo monitor ok
2016-06-01 16:15:06 404 notify by mail404 monitor timeout
2016-06-01 16:15:06 youdao monitor ok
2016-06-01 16:15:07 404 notify by mail404 monitor timeout
2016-06-01 16:15:09 yahoo monitor ok
2016-06-01 16:15:10 yahoo monitor ok
2016-06-01 16:15:10 youdao monitor ok
2016-06-01 16:15:16 404 notify by mail404 monitor timeout
2016-06-01 16:15:17 404 notify by mail404 monitor timeout
2016-06-01 16:15:20 yahoo monitor ok
2016-06-01 16:15:21 yahoo monitor ok
2016-06-01 16:15:26 404 notify by sms404 monitor timeout
2016-06-01 16:15:26 404 notify by mail404 monitor timeout
2016-06-01 16:15:26 youdao monitor ok
2016-06-01 16:15:26 huihui monitor ok
2016-06-01 16:15:27 404 notify by sms404 monitor timeout
2016-06-01 16:15:27 404 notify by mail404 monitor timeout
2016-06-01 16:15:27 huihui monitor ok
2016-06-01 16:15:29 google monitor ok
2016-06-01 16:15:30 google monitor ok
2016-06-01 16:15:30 youdao monitor ok
2016-06-01 16:15:31 yahoo monitor ok
2016-06-01 16:15:32 yahoo monitor ok
2016-06-01 16:15:36 404 notify by mail404 monitor timeout
2016-06-01 16:15:37 404 notify by mail404 monitor timeout
2016-06-01 16:15:42 yahoo monitor ok
2016-06-01 16:15:43 yahoo monitor ok
2016-06-01 16:15:46 404 notify by mail404 monitor timeout
2016-06-01 16:15:46 youdao monitor ok
2016-06-01 16:15:47 404 notify by mail404 monitor timeout
2016-06-01 16:15:50 youdao monitor ok
2016-06-01 16:15:53 yahoo monitor ok
2016-06-01 16:15:53 yahoo monitor ok
2016-06-01 16:15:56 404 notify by mail404 monitor timeout
2016-06-01 16:15:57 404 notify by mail404 monitor timeout
2016-06-01 16:16:04 yahoo monitor ok
2016-06-01 16:16:05 yahoo monitor ok
2016-06-01 16:16:06 404 notify by mail404 monitor timeout
2016-06-01 16:16:06 youdao monitor ok
2016-06-01 16:16:07 404 notify by mail404 monitor timeout
2016-06-01 16:16:10 youdao monitor ok
2016-06-01 16:16:15 yahoo notify by mailyahoo monitor timeout
2016-06-01 16:16:15 yahoo monitor ok
2016-06-01 16:16:16 404 notify by mail404 monitor timeout
2016-06-01 16:16:17 404 notify by mail404 monitor timeout
2016-06-01 16:16:21 yahoo monitor ok
2016-06-01 16:16:26 404 notify by sms404 monitor timeout
2016-06-01 16:16:26 404 notify by mail404 monitor timeout
2016-06-01 16:16:26 youdao monitor ok
2016-06-01 16:16:26 huihui monitor ok
2016-06-01 16:16:26 yahoo monitor ok
2016-06-01 16:16:27 huihui monitor ok
2016-06-01 16:16:27 404 notify by sms404 monitor timeout
2016-06-01 16:16:27 404 notify by mail404 monitor timeout
2016-06-01 16:16:29 google monitor ok
2016-06-01 16:16:30 youdao monitor ok
2016-06-01 16:16:30 google monitor ok
2016-06-01 16:16:32 yahoo monitor ok
2016-06-01 16:16:36 404 notify by mail404 monitor timeout
2016-06-01 16:16:37 404 notify by mail404 monitor timeout
2016-06-01 16:16:37 yahoo monitor ok
2016-06-01 16:16:44 yahoo monitor ok
2016-06-01 16:16:46 404 notify by mail404 monitor timeout
2016-06-01 16:16:46 youdao monitor ok
2016-06-01 16:16:47 404 notify by mail404 monitor timeout
2016-06-01 16:16:48 yahoo monitor ok
2016-06-01 16:16:50 youdao monitor ok
2016-06-01 16:16:56 yahoo monitor ok
2016-06-01 16:16:56 404 notify by mail404 monitor timeout
2016-06-01 16:16:57 404 notify by mail404 monitor timeout
2016-06-01 16:16:59 yahoo monitor ok
2016-06-01 16:17:06 404 notify by mail404 monitor timeout
2016-06-01 16:17:06 youdao monitor ok
2016-06-01 16:17:07 404 notify by mail404 monitor timeout
2016-06-01 16:17:07 yahoo monitor ok
2016-06-01 16:17:10 youdao monitor ok
2016-06-01 16:17:11 yahoo monitor ok
2016-06-01 16:17:16 404 notify by mail404 monitor timeout
2016-06-01 16:17:17 404 notify by mail404 monitor timeout
2016-06-01 16:17:18 yahoo monitor ok
2016-06-01 16:17:22 yahoo monitor ok
2016-06-01 16:17:26 404 notify by sms404 monitor timeout
2016-06-01 16:17:26 404 notify by mail404 monitor timeout
2016-06-01 16:17:26 youdao monitor ok
2016-06-01 16:17:26 huihui monitor ok
2016-06-01 16:17:27 huihui monitor ok
2016-06-01 16:17:27 404 notify by sms404 monitor timeout
2016-06-01 16:17:27 404 notify by mail404 monitor timeout
2016-06-01 16:17:29 yahoo monitor ok
2016-06-01 16:17:30 google monitor ok
2016-06-01 16:17:30 youdao monitor ok
2016-06-01 16:17:31 google monitor ok
2016-06-01 16:17:33 yahoo monitor ok
2016-06-01 16:17:36 404 notify by mail404 monitor timeout
2016-06-01 16:17:37 404 notify by mail404 monitor timeout
2016-06-01 16:17:40 yahoo monitor ok
2016-06-01 16:17:44 yahoo monitor ok
2016-06-01 16:17:46 404 notify by mail404 monitor timeout
2016-06-01 16:17:46 youdao monitor ok
2016-06-01 16:17:47 404 notify by mail404 monitor timeout
2016-06-01 16:17:50 youdao monitor ok
2016-06-01 16:17:51 yahoo monitor ok
2016-06-01 16:17:55 yahoo monitor ok
2016-06-01 16:17:56 404 notify by mail404 monitor timeout
2016-06-01 16:17:57 404 notify by mail404 monitor timeout
2016-06-01 16:18:02 yahoo monitor ok
2016-06-01 16:18:06 404 notify by mail404 monitor timeout
2016-06-01 16:18:06 yahoo notify by mailyahoo monitor timeout
2016-06-01 16:18:06 youdao monitor ok
2016-06-01 16:18:07 404 notify by mail404 monitor timeout
2016-06-01 16:18:10 youdao monitor ok
2016-06-01 16:18:12 yahoo monitor ok
2016-06-01 16:18:13 yahoo monitor ok
2016-06-01 16:18:16 404 notify by mail404 monitor timeout
2016-06-01 16:18:17 404 notify by mail404 monitor timeout
2016-06-01 16:18:24 yahoo monitor ok
2016-06-01 16:18:24 yahoo monitor ok
2016-06-01 16:18:26 404 notify by sms404 monitor timeout
2016-06-01 16:18:26 404 notify by mail404 monitor timeout
2016-06-01 16:18:26 huihui monitor ok
2016-06-01 16:18:26 youdao monitor ok
2016-06-01 16:18:27 huihui monitor ok
2016-06-01 16:18:27 404 notify by sms404 monitor timeout
2016-06-01 16:18:27 404 notify by mail404 monitor timeout
2016-06-01 16:18:30 google monitor ok
2016-06-01 16:18:30 youdao monitor ok
2016-06-01 16:18:31 google monitor ok
2016-06-01 16:18:35 yahoo monitor ok
2016-06-01 16:18:35 yahoo monitor ok
2016-06-01 16:18:36 404 notify by mail404 monitor timeout
2016-06-01 16:18:37 404 notify by mail404 monitor timeout
2016-06-01 16:18:46 404 notify by mail404 monitor timeout
2016-06-01 16:18:46 youdao monitor ok
2016-06-01 16:18:47 yahoo monitor ok
2016-06-01 16:18:47 yahoo monitor ok
2016-06-01 16:18:47 404 notify by mail404 monitor timeout
2016-06-01 16:18:50 youdao monitor ok
2016-06-01 16:18:56 404 notify by mail404 monitor timeout
2016-06-01 16:18:57 404 notify by mail404 monitor timeout
2016-06-01 16:18:58 yahoo monitor ok
2016-06-01 16:18:58 yahoo monitor ok
2016-06-01 16:19:06 404 notify by mail404 monitor timeout
2016-06-01 16:19:06 youdao monitor ok
2016-06-01 16:19:07 404 notify by mail404 monitor timeout
2016-06-01 16:19:09 yahoo monitor ok
2016-06-01 16:19:09 yahoo monitor ok
2016-06-01 16:19:10 youdao monitor ok
2016-06-01 16:19:16 404 notify by mail404 monitor timeout
2016-06-01 16:19:17 404 notify by mail404 monitor timeout
2016-06-01 16:19:20 yahoo monitor ok
2016-06-01 16:19:20 yahoo monitor ok
2016-06-01 16:19:26 404 notify by sms404 monitor timeout
2016-06-01 16:19:26 404 notify by mail404 monitor timeout
2016-06-01 16:19:26 huihui monitor ok
2016-06-01 16:19:26 youdao monitor ok
2016-06-01 16:19:27 huihui monitor ok
2016-06-01 16:19:27 404 notify by sms404 monitor timeout
2016-06-01 16:19:27 404 notify by mail404 monitor timeout
2016-06-01 16:19:30 youdao monitor ok
2016-06-01 16:19:30 yahoo monitor ok
2016-06-01 16:19:31 google monitor ok
2016-06-01 16:19:31 yahoo monitor ok
2016-06-01 16:19:32 google monitor ok
2016-06-01 16:19:36 404 notify by mail404 monitor timeout
2016-06-01 16:19:37 404 notify by mail404 monitor timeout
2016-06-01 16:19:42 yahoo monitor ok
2016-06-01 16:19:42 yahoo monitor ok
2016-06-01 16:19:46 404 notify by mail404 monitor timeout
2016-06-01 16:19:46 youdao monitor ok
2016-06-01 16:19:47 404 notify by mail404 monitor timeout
2016-06-01 16:19:50 youdao monitor ok
2016-06-01 16:19:53 yahoo monitor ok
2016-06-01 16:19:53 yahoo monitor ok
2016-06-01 16:19:56 404 notify by mail404 monitor timeout
2016-06-01 16:19:57 404 notify by mail404 monitor timeout
2016-06-01 16:20:04 yahoo monitor ok
2016-06-01 16:20:04 yahoo monitor ok
2016-06-01 16:20:06 404 notify by mail404 monitor timeout
2016-06-01 16:20:07 youdao monitor ok
2016-06-01 16:20:07 404 notify by mail404 monitor timeout
2016-06-01 16:20:10 youdao monitor ok
2016-06-01 16:20:15 yahoo monitor ok
2016-06-01 16:20:15 yahoo monitor ok
2016-06-01 16:20:16 404 notify by mail404 monitor timeout
2016-06-01 16:20:17 404 notify by mail404 monitor timeout
2016-06-01 16:20:26 yahoo monitor ok
2016-06-01 16:20:26 404 notify by sms404 monitor timeout
2016-06-01 16:20:26 404 notify by mail404 monitor timeout
2016-06-01 16:20:26 yahoo monitor ok
2016-06-01 16:20:26 huihui monitor ok
2016-06-01 16:20:27 youdao monitor ok
2016-06-01 16:20:27 huihui monitor ok
2016-06-01 16:20:27 404 notify by sms404 monitor timeout
2016-06-01 16:20:27 404 notify by mail404 monitor timeout
2016-06-01 16:20:30 youdao monitor ok
2016-06-01 16:20:31 google monitor ok
2016-06-01 16:20:32 google monitor ok
2016-06-01 16:20:36 404 notify by mail404 monitor timeout
2016-06-01 16:20:37 404 notify by mail404 monitor timeout
2016-06-01 16:20:37 yahoo monitor ok
2016-06-01 16:20:37 yahoo monitor ok
2016-06-01 16:20:46 404 notify by mail404 monitor timeout
2016-06-01 16:20:47 youdao monitor ok
2016-06-01 16:20:47 404 notify by mail404 monitor timeout
2016-06-01 16:20:48 yahoo monitor ok
2016-06-01 16:20:48 yahoo monitor ok
2016-06-01 16:20:50 youdao monitor ok
2016-06-01 16:20:56 404 notify by mail404 monitor timeout
2016-06-01 16:20:57 404 notify by mail404 monitor timeout
2016-06-01 16:20:59 yahoo monitor ok
2016-06-01 16:20:59 yahoo monitor ok
2016-06-01 16:21:06 404 notify by mail404 monitor timeout
2016-06-01 16:21:07 youdao monitor ok
2016-06-01 16:21:07 404 notify by mail404 monitor timeout
2016-06-01 16:21:10 yahoo monitor ok
2016-06-01 16:21:10 youdao monitor ok
2016-06-01 16:21:10 yahoo monitor ok
2016-06-01 16:21:16 404 notify by mail404 monitor timeout
2016-06-01 16:21:17 404 notify by mail404 monitor timeout
2016-06-01 16:21:22 yahoo monitor ok
2016-06-01 16:21:22 yahoo monitor ok
2016-06-01 16:21:26 404 notify by sms404 monitor timeout
2016-06-01 16:21:26 404 notify by mail404 monitor timeout
2016-06-01 16:21:27 huihui monitor ok
2016-06-01 16:21:27 youdao monitor ok
2016-06-01 16:21:27 huihui monitor ok
2016-06-01 16:21:27 404 notify by sms404 monitor timeout
2016-06-01 16:21:27 404 notify by mail404 monitor timeout
2016-06-01 16:21:30 youdao monitor ok
2016-06-01 16:21:32 google monitor ok
2016-06-01 16:21:32 google monitor ok
2016-06-01 16:21:33 yahoo monitor ok
2016-06-01 16:21:33 yahoo monitor ok
2016-06-01 16:21:36 404 notify by mail404 monitor timeout
2016-06-01 16:21:37 404 notify by mail404 monitor timeout
2016-06-01 16:21:44 yahoo monitor ok
2016-06-01 16:21:44 yahoo monitor ok
2016-06-01 16:21:46 404 notify by mail404 monitor timeout
2016-06-01 16:21:47 youdao monitor ok
2016-06-01 16:21:47 404 notify by mail404 monitor timeout
2016-06-01 16:21:50 youdao monitor ok
2016-06-01 16:21:55 yahoo monitor ok
2016-06-01 16:21:55 yahoo monitor ok
2016-06-01 16:21:56 404 notify by mail404 monitor timeout
2016-06-01 16:21:57 404 notify by mail404 monitor timeout
2016-06-01 16:22:06 yahoo monitor ok
2016-06-01 16:22:06 404 notify by mail404 monitor timeout
2016-06-01 16:22:06 yahoo monitor ok
2016-06-01 16:22:07 youdao monitor ok
2016-06-01 16:22:07 404 notify by mail404 monitor timeout
2016-06-01 16:22:11 youdao monitor ok
2016-06-01 16:22:16 404 notify by mail404 monitor timeout
2016-06-01 16:22:17 404 notify by mail404 monitor timeout
2016-06-01 16:22:17 yahoo monitor ok
2016-06-01 16:22:17 yahoo monitor ok
2016-06-01 16:22:26 404 notify by sms404 monitor timeout
2016-06-01 16:22:26 404 notify by mail404 monitor timeout
2016-06-01 16:22:27 huihui monitor ok
2016-06-01 16:22:27 youdao monitor ok
2016-06-01 16:22:27 huihui monitor ok
2016-06-01 16:22:27 404 notify by sms404 monitor timeout
2016-06-01 16:22:27 404 notify by mail404 monitor timeout
2016-06-01 16:22:29 yahoo monitor ok
2016-06-01 16:22:29 yahoo monitor ok
2016-06-01 16:22:31 youdao monitor ok
2016-06-01 16:22:32 google monitor ok
2016-06-01 16:22:33 google monitor ok
2016-06-01 16:22:36 404 notify by mail404 monitor timeout
2016-06-01 16:22:37 404 notify by mail404 monitor timeout
2016-06-01 16:22:40 yahoo monitor ok
2016-06-01 16:22:40 yahoo monitor ok
2016-06-01 16:22:46 404 notify by mail404 monitor timeout
2016-06-01 16:22:47 youdao monitor ok
2016-06-01 16:22:47 404 notify by mail404 monitor timeout
2016-06-01 16:22:51 yahoo monitor ok
2016-06-01 16:22:51 youdao monitor ok
2016-06-01 16:22:51 yahoo monitor ok
2016-06-01 16:22:56 404 notify by mail404 monitor timeout
2016-06-01 16:22:57 404 notify by mail404 monitor timeout
2016-06-01 16:23:02 yahoo monitor ok
2016-06-01 16:23:02 yahoo monitor ok
2016-06-01 16:23:06 404 notify by mail404 monitor timeout
2016-06-01 16:23:07 youdao monitor ok
2016-06-01 16:23:07 404 notify by mail404 monitor timeout
2016-06-01 16:23:11 youdao monitor ok
2016-06-01 16:23:13 yahoo monitor ok
2016-06-01 16:23:14 yahoo monitor ok
2016-06-01 16:23:16 404 notify by mail404 monitor timeout
2016-06-01 16:23:17 404 notify by mail404 monitor timeout
2016-06-01 16:23:24 yahoo monitor ok
2016-06-01 16:23:25 yahoo monitor ok
2016-06-01 16:23:26 404 notify by sms404 monitor timeout
2016-06-01 16:23:26 404 notify by mail404 monitor timeout
2016-06-01 16:23:27 huihui monitor ok
2016-06-01 16:23:27 youdao monitor ok
2016-06-01 16:23:27 huihui monitor ok
2016-06-01 16:23:27 404 notify by sms404 monitor timeout
2016-06-01 16:23:27 404 notify by mail404 monitor timeout
2016-06-01 16:23:31 youdao monitor ok
2016-06-01 16:23:32 google monitor ok
2016-06-01 16:23:33 google monitor ok
2016-06-01 16:23:36 yahoo monitor ok
2016-06-01 16:23:36 yahoo monitor ok
2016-06-01 16:23:36 404 notify by mail404 monitor timeout
2016-06-01 16:23:37 404 notify by mail404 monitor timeout
2016-06-01 16:23:46 404 notify by mail404 monitor timeout
2016-06-01 16:23:47 yahoo monitor ok
2016-06-01 16:23:47 yahoo monitor ok
2016-06-01 16:23:47 youdao monitor ok
2016-06-01 16:23:47 404 notify by mail404 monitor timeout
2016-06-01 16:23:52 youdao notify by mailyoudao monitor timeout
2016-06-01 16:23:54 youdao monitor ok
2016-06-01 16:23:56 404 notify by mail404 monitor timeout
2016-06-01 16:23:57 404 notify by mail404 monitor timeout
2016-06-01 16:23:58 yahoo monitor ok
2016-06-01 16:23:58 yahoo monitor ok
2016-06-01 16:24:06 404 notify by mail404 monitor timeout
2016-06-01 16:24:07 youdao monitor ok
2016-06-01 16:24:07 404 notify by mail404 monitor timeout
2016-06-01 16:24:09 yahoo monitor ok
2016-06-01 16:24:09 yahoo monitor ok
2016-06-01 16:24:14 youdao monitor ok
2016-06-01 16:24:16 404 notify by mail404 monitor timeout
2016-06-01 16:24:17 404 notify by mail404 monitor timeout
2016-06-01 16:24:20 yahoo monitor ok
2016-06-01 16:24:20 yahoo monitor ok
2016-06-01 16:24:26 404 notify by sms404 monitor timeout
2016-06-01 16:24:26 404 notify by mail404 monitor timeout
2016-06-01 16:24:27 huihui monitor ok
2016-06-01 16:24:27 youdao monitor ok
2016-06-01 16:24:27 huihui monitor ok
2016-06-01 16:24:27 404 notify by sms404 monitor timeout
2016-06-01 16:24:27 404 notify by mail404 monitor timeout
2016-06-01 16:24:31 yahoo monitor ok
2016-06-01 16:24:31 yahoo monitor ok
2016-06-01 16:24:33 google monitor ok
2016-06-01 16:24:34 google monitor ok
2016-06-01 16:24:34 youdao monitor ok
2016-06-01 16:24:36 404 notify by mail404 monitor timeout
2016-06-01 16:24:37 404 notify by mail404 monitor timeout
2016-06-01 16:24:42 yahoo monitor ok
2016-06-01 16:24:42 yahoo monitor ok
2016-06-01 16:24:46 404 notify by mail404 monitor timeout
2016-06-01 16:24:47 youdao monitor ok
2016-06-01 16:24:47 404 notify by mail404 monitor timeout
2016-06-01 16:24:53 yahoo monitor ok
2016-06-01 16:24:53 yahoo monitor ok
2016-06-01 16:24:54 youdao monitor ok
2016-06-01 16:24:56 404 notify by mail404 monitor timeout
2016-06-01 16:24:57 404 notify by mail404 monitor timeout
2016-06-01 16:25:04 yahoo monitor ok
2016-06-01 16:25:04 yahoo monitor ok
2016-06-01 16:25:06 404 notify by mail404 monitor timeout
2016-06-01 16:25:07 youdao monitor ok
2016-06-01 16:25:07 404 notify by mail404 monitor timeout
2016-06-01 16:25:14 youdao monitor ok
2016-06-01 16:25:15 yahoo monitor ok
2016-06-01 16:25:15 yahoo monitor ok
2016-06-01 16:25:16 404 notify by mail404 monitor timeout
2016-06-01 16:25:17 404 notify by mail404 monitor timeout
2016-06-01 16:25:26 yahoo monitor ok
2016-06-01 16:25:26 yahoo monitor ok
2016-06-01 16:25:26 404 notify by sms404 monitor timeout
2016-06-01 16:25:26 404 notify by mail404 monitor timeout
2016-06-01 16:25:27 huihui monitor ok
2016-06-01 16:25:27 youdao monitor ok
2016-06-01 16:25:27 huihui monitor ok
2016-06-01 16:25:27 404 notify by sms404 monitor timeout
2016-06-01 16:25:27 404 notify by mail404 monitor timeout
2016-06-01 16:25:33 google monitor ok
2016-06-01 16:25:34 youdao monitor ok
2016-06-01 16:25:34 google monitor ok
2016-06-01 16:25:36 404 notify by mail404 monitor timeout
2016-06-01 16:25:37 yahoo monitor ok
2016-06-01 16:25:37 yahoo monitor ok
2016-06-01 16:25:37 404 notify by mail404 monitor timeout
2016-06-01 16:25:46 404 notify by mail404 monitor timeout
2016-06-01 16:25:47 youdao monitor ok
2016-06-01 16:25:47 404 notify by mail404 monitor timeout
2016-06-01 16:25:48 yahoo monitor ok
2016-06-01 16:25:48 yahoo monitor ok
2016-06-01 16:25:54 youdao monitor ok
2016-06-01 16:25:56 404 notify by mail404 monitor timeout
2016-06-01 16:25:57 404 notify by mail404 monitor timeout
2016-06-01 16:25:59 yahoo monitor ok
2016-06-01 16:25:59 yahoo monitor ok
2016-06-01 16:26:06 404 notify by mail404 monitor timeout
2016-06-01 16:26:07 youdao monitor ok
2016-06-01 16:26:07 404 notify by mail404 monitor timeout
2016-06-01 16:26:10 yahoo monitor ok
2016-06-01 16:26:10 yahoo monitor ok
2016-06-01 16:26:14 youdao monitor ok
2016-06-01 16:26:16 404 notify by mail404 monitor timeout
2016-06-01 16:26:17 404 notify by mail404 monitor timeout
2016-06-01 16:26:21 yahoo monitor ok
2016-06-01 16:26:21 yahoo monitor ok
2016-06-01 16:26:26 404 notify by sms404 monitor timeout
2016-06-01 16:26:26 404 notify by mail404 monitor timeout
2016-06-01 16:26:27 huihui monitor ok
2016-06-01 16:26:27 huihui monitor ok
2016-06-01 16:26:27 youdao monitor ok
2016-06-01 16:26:27 404 notify by sms404 monitor timeout
2016-06-01 16:26:27 404 notify by mail404 monitor timeout
2016-06-01 16:26:32 yahoo monitor ok
2016-06-01 16:26:32 yahoo monitor ok
2016-06-01 16:26:34 google monitor ok
2016-06-01 16:26:34 youdao monitor ok
2016-06-01 16:26:34 google monitor ok
2016-06-01 16:26:36 404 notify by mail404 monitor timeout
2016-06-01 16:26:37 404 notify by mail404 monitor timeout
2016-06-01 16:26:43 yahoo monitor ok
2016-06-01 16:26:43 yahoo monitor ok
2016-06-01 16:26:46 404 notify by mail404 monitor timeout
2016-06-01 16:26:47 youdao monitor ok
2016-06-01 16:26:47 404 notify by mail404 monitor timeout
2016-06-01 16:26:54 yahoo monitor ok
2016-06-01 16:26:54 youdao monitor ok
2016-06-01 16:26:54 yahoo monitor ok
2016-06-01 16:26:56 404 notify by mail404 monitor timeout
2016-06-01 16:26:57 404 notify by mail404 monitor timeout
2016-06-01 16:27:05 yahoo monitor ok
2016-06-01 16:27:05 yahoo monitor ok
2016-06-01 16:27:06 404 notify by mail404 monitor timeout
2016-06-01 16:27:07 youdao monitor ok
2016-06-01 16:27:07 404 notify by mail404 monitor timeout
2016-06-01 16:27:14 youdao monitor ok
2016-06-01 16:27:16 yahoo monitor ok
2016-06-01 16:27:16 yahoo monitor ok
2016-06-01 16:27:16 404 notify by mail404 monitor timeout
2016-06-01 16:27:17 404 notify by mail404 monitor timeout
2016-06-01 16:27:27 404 notify by sms404 monitor timeout
2016-06-01 16:27:27 404 notify by mail404 monitor timeout
2016-06-01 16:27:27 huihui monitor ok
2016-06-01 16:27:27 huihui monitor ok
2016-06-01 16:27:27 404 notify by sms404 monitor timeout
2016-06-01 16:27:27 404 notify by mail404 monitor timeout
2016-06-01 16:27:27 youdao monitor ok
2016-06-01 16:27:27 yahoo monitor ok
2016-06-01 16:27:28 yahoo monitor ok
2016-06-01 16:27:34 google monitor ok
2016-06-01 16:27:34 youdao monitor ok
2016-06-01 16:27:35 google monitor ok
2016-06-01 16:27:37 404 notify by mail404 monitor timeout
2016-06-01 16:27:37 404 notify by mail404 monitor timeout
2016-06-01 16:27:38 yahoo monitor ok
2016-06-01 16:27:40 yahoo monitor ok
2016-06-01 16:27:47 404 notify by mail404 monitor timeout
2016-06-01 16:27:47 404 notify by mail404 monitor timeout
2016-06-01 16:27:47 youdao monitor ok
2016-06-01 16:27:50 yahoo monitor ok
2016-06-01 16:27:51 yahoo monitor ok
2016-06-01 16:27:55 youdao notify by mailyoudao monitor timeout
2016-06-01 16:27:57 404 notify by mail404 monitor timeout
2016-06-01 16:27:57 404 notify by mail404 monitor timeout
2016-06-01 16:27:57 youdao monitor ok
2016-06-01 16:28:01 yahoo monitor ok
2016-06-01 16:28:02 yahoo monitor ok
2016-06-01 16:28:07 404 notify by mail404 monitor timeout
2016-06-01 16:28:07 404 notify by mail404 monitor timeout
2016-06-01 16:28:07 youdao monitor ok
2016-06-01 16:28:12 yahoo monitor ok
2016-06-01 16:28:13 yahoo monitor ok
2016-06-01 16:28:17 404 notify by mail404 monitor timeout
2016-06-01 16:28:17 404 notify by mail404 monitor timeout
2016-06-01 16:28:17 youdao monitor ok
2016-06-01 16:28:23 yahoo monitor ok
2016-06-01 16:28:24 yahoo monitor ok
2016-06-01 16:28:27 404 notify by sms404 monitor timeout
2016-06-01 16:28:27 404 notify by mail404 monitor timeout
2016-06-01 16:28:27 huihui monitor ok
2016-06-01 16:28:27 huihui monitor ok
2016-06-01 16:28:27 404 notify by sms404 monitor timeout
2016-06-01 16:28:27 404 notify by mail404 monitor timeout
2016-06-01 16:28:27 youdao monitor ok
2016-06-01 16:28:34 yahoo monitor ok
2016-06-01 16:28:34 google monitor ok
2016-06-01 16:28:35 yahoo monitor ok
2016-06-01 16:28:35 google monitor ok
2016-06-01 16:28:37 404 notify by mail404 monitor timeout
2016-06-01 16:28:37 404 notify by mail404 monitor timeout
2016-06-01 16:28:37 youdao monitor ok
2016-06-01 16:28:44 yahoo monitor ok
2016-06-01 16:28:46 yahoo monitor ok
2016-06-01 16:28:47 404 notify by mail404 monitor timeout
2016-06-01 16:28:47 404 notify by mail404 monitor timeout
2016-06-01 16:28:47 youdao monitor ok
2016-06-01 16:28:56 yahoo monitor ok
2016-06-01 16:28:56 yahoo monitor ok
2016-06-01 16:28:57 404 notify by mail404 monitor timeout
2016-06-01 16:28:57 404 notify by mail404 monitor timeout
2016-06-01 16:28:57 youdao monitor ok
2016-06-01 16:29:07 404 notify by mail404 monitor timeout
2016-06-01 16:29:07 yahoo monitor ok
2016-06-01 16:29:07 404 notify by mail404 monitor timeout
2016-06-01 16:29:07 youdao monitor ok
2016-06-01 16:29:08 yahoo monitor ok
2016-06-01 16:29:17 404 notify by mail404 monitor timeout
2016-06-01 16:29:17 404 notify by mail404 monitor timeout
2016-06-01 16:29:17 youdao monitor ok
2016-06-01 16:29:18 yahoo monitor ok
2016-06-01 16:29:19 yahoo monitor ok
2016-06-01 16:29:27 404 notify by sms404 monitor timeout
2016-06-01 16:29:27 404 notify by mail404 monitor timeout
2016-06-01 16:29:27 huihui monitor ok
2016-06-01 16:29:27 huihui monitor ok
2016-06-01 16:29:27 404 notify by sms404 monitor timeout
2016-06-01 16:29:27 404 notify by mail404 monitor timeout
2016-06-01 16:29:27 youdao monitor ok
2016-06-01 16:29:29 yahoo monitor ok
2016-06-01 16:29:30 yahoo monitor ok
2016-06-01 16:29:35 google monitor ok
2016-06-01 16:29:36 google monitor ok
2016-06-01 16:29:37 404 notify by mail404 monitor timeout
2016-06-01 16:29:37 404 notify by mail404 monitor timeout
2016-06-01 16:29:37 youdao monitor ok
2016-06-01 16:29:40 yahoo monitor ok
2016-06-01 16:29:41 yahoo monitor ok
2016-06-01 16:29:47 404 notify by mail404 monitor timeout
2016-06-01 16:29:47 404 notify by mail404 monitor timeout
2016-06-01 16:29:47 youdao monitor ok
2016-06-01 16:29:51 yahoo monitor ok
2016-06-01 16:29:52 yahoo monitor ok
2016-06-01 16:29:57 404 notify by mail404 monitor timeout
2016-06-01 16:29:57 404 notify by mail404 monitor timeout
2016-06-01 16:29:57 youdao monitor ok
2016-06-01 16:30:02 yahoo monitor ok
2016-06-01 16:30:03 yahoo monitor ok
2016-06-01 16:30:07 404 notify by mail404 monitor timeout
2016-06-01 16:30:07 404 notify by mail404 monitor timeout
2016-06-01 16:30:07 youdao monitor ok
2016-06-01 16:30:14 yahoo monitor ok
2016-06-01 16:30:14 yahoo monitor ok
2016-06-01 16:30:17 404 notify by mail404 monitor timeout
2016-06-01 16:30:17 404 notify by mail404 monitor timeout
2016-06-01 16:30:17 youdao monitor ok
2016-06-01 16:30:25 yahoo monitor ok
2016-06-01 16:30:25 yahoo monitor ok
2016-06-01 16:30:27 404 notify by sms404 monitor timeout
2016-06-01 16:30:27 404 notify by mail404 monitor timeout
2016-06-01 16:30:27 huihui monitor ok
2016-06-01 16:30:27 huihui monitor ok
2016-06-01 16:30:27 404 notify by sms404 monitor timeout
2016-06-01 16:30:27 404 notify by mail404 monitor timeout
2016-06-01 16:30:27 youdao monitor ok
2016-06-01 16:30:35 google monitor ok
2016-06-01 16:30:35 yahoo monitor ok
2016-06-01 16:30:36 yahoo monitor ok
2016-06-01 16:30:36 google monitor ok
2016-06-01 16:30:37 404 notify by mail404 monitor timeout
2016-06-01 16:30:37 404 notify by mail404 monitor timeout
2016-06-01 16:30:37 youdao monitor ok
2016-06-01 16:30:46 yahoo monitor ok
2016-06-01 16:30:47 404 notify by mail404 monitor timeout
2016-06-01 16:30:47 yahoo monitor ok
2016-06-01 16:30:47 404 notify by mail404 monitor timeout
2016-06-01 16:30:47 youdao monitor ok
2016-06-01 16:30:57 404 notify by mail404 monitor timeout
2016-06-01 16:30:57 404 notify by mail404 monitor timeout
2016-06-01 16:30:57 yahoo monitor ok
2016-06-01 16:30:57 youdao monitor ok
2016-06-01 16:30:58 yahoo monitor ok
2016-06-01 16:31:07 404 notify by mail404 monitor timeout
2016-06-01 16:31:07 404 notify by mail404 monitor timeout
2016-06-01 16:31:07 youdao monitor ok
2016-06-01 16:31:09 yahoo monitor ok
2016-06-01 16:31:09 yahoo monitor ok
2016-06-01 16:31:17 404 notify by mail404 monitor timeout
2016-06-01 16:31:17 404 notify by mail404 monitor timeout
2016-06-01 16:31:18 youdao monitor ok
2016-06-01 16:31:20 yahoo monitor ok
2016-06-01 16:31:20 yahoo monitor ok
2016-06-01 16:31:27 404 notify by sms404 monitor timeout
2016-06-01 16:31:27 404 notify by mail404 monitor timeout
2016-06-01 16:31:27 huihui monitor ok
2016-06-01 16:31:27 huihui monitor ok
2016-06-01 16:31:27 404 notify by sms404 monitor timeout
2016-06-01 16:31:27 404 notify by mail404 monitor timeout
2016-06-01 16:31:27 youdao monitor ok
2016-06-01 16:31:31 yahoo monitor ok
2016-06-01 16:31:31 yahoo monitor ok
2016-06-01 16:31:36 google monitor ok
2016-06-01 16:31:36 google monitor ok
2016-06-01 16:31:37 404 notify by mail404 monitor timeout
2016-06-01 16:31:37 404 notify by mail404 monitor timeout
2016-06-01 16:31:38 youdao monitor ok
